Using pre-set license
Built from '2020.3/staging' branch; Version is '2020.3.11f1 (99c7afb366b3) revision 10078127'; Using compiler version '192528614'; Build Type 'Release'
OS: 'Windows 10 Pro; OS build 19043.1052; Version 2009; 64bit' Language: 'en' Physical Memory: 16248 MB
BatchMode: 1, IsHumanControllingUs: 0, StartBugReporterOnCrash: 0, Is64bit: 1, IsPro: 0

 COMMAND LINE ARGUMENTS:
C:\Program Files\Unity\Hub\Editor\2020.3.11f1\Editor\Unity.exe
-adb2
-batchMode
-noUpm
-name
AssetImportWorker0
-projectPath
C:/Users/Ozer/Documents/GitHub/FlappyBird - AI
-logFile
Logs/AssetImportWorker0.log
-srvPort
63099
Successfully changed project path to: C:/Users/Ozer/Documents/GitHub/FlappyBird - AI
C:/Users/Ozer/Documents/GitHub/FlappyBird - AI
Using Asset Import Pipeline V2.
Refreshing native plugins compatible for Editor in 37.44 ms, found 3 plugins.
Preloading 0 native plugins for Editor in 0.00 ms.
Initialize engine version: 2020.3.11f1 (99c7afb366b3)
[Subsystems] Discovering subsystems at path C:/Program Files/Unity/Hub/Editor/2020.3.11f1/Editor/Data/Resources/UnitySubsystems
[Subsystems] Discovering subsystems at path C:/Users/Ozer/Documents/GitHub/FlappyBird - AI/Assets
GfxDevice: creating device client; threaded=0
Direct3D:
    Version:  Direct3D 11.0 [level 11.0]
    Renderer: NVIDIA GeForce GTX 660 (ID=0x1195)
    Vendor:   
    VRAM:     1998 MB
    Driver:   27.21.14.6677
Initialize mono
Mono path[0] = 'C:/Program Files/Unity/Hub/Editor/2020.3.11f1/Editor/Data/Managed'
Mono path[1] = 'C:/Program Files/Unity/Hub/Editor/2020.3.11f1/Editor/Data/MonoBleedingEdge/lib/mono/unityjit'
Mono config path = 'C:/Program Files/Unity/Hub/Editor/2020.3.11f1/Editor/Data/MonoBleedingEdge/etc'
Using monoOptions --debugger-agent=transport=dt_socket,embedding=1,server=y,suspend=n,address=127.0.0.1:56536
Begin MonoManager ReloadAssembly
Registering precompiled unity dll's ...
Register platform support module: C:/Program Files/Unity/Hub/Editor/2020.3.11f1/Editor/Data/PlaybackEngines/WindowsStandaloneSupport/UnityEditor.WindowsStandalone.Extensions.dll
Registered in 0.001375 seconds.
Native extension for WindowsStandalone target not found
Refreshing native plugins compatible for Editor in 35.61 ms, found 3 plugins.
Preloading 0 native plugins for Editor in 0.00 ms.
Mono: successfully reloaded assembly
- Completed reload, in  1.586 seconds
Platform modules already initialized, skipping
Registering precompiled user dll's ...
Registered in 0.002954 seconds.
Begin MonoManager ReloadAssembly
Native extension for WindowsStandalone target not found
Refreshing native plugins compatible for Editor in 34.19 ms, found 3 plugins.
Preloading 0 native plugins for Editor in 0.00 ms.
Mono: successfully reloaded assembly
- Completed reload, in  0.910 seconds
Platform modules already initialized, skipping
========================================================================
Worker process is ready to serve import requests
Launched and connected shader compiler UnityShaderCompiler.exe after 0.02 seconds
Refreshing native plugins compatible for Editor in 0.41 ms, found 3 plugins.
Preloading 0 native plugins for Editor in 0.00 ms.
Unloading 2354 Unused Serialized files (Serialized files now loaded: 0)
System memory in use before: 99.8 MB.
System memory in use after: 100.0 MB.

Unloading 37 unused Assets to reduce memory usage. Loaded Objects now: 2785.
Total: 4.029200 ms (FindLiveObjects: 0.187100 ms CreateObjectMapping: 0.092900 ms MarkObjects: 3.693000 ms  DeleteObjects: 0.055500 ms)

========================================================================
Received Import Request.
  path: Assets/Prefabs/Pipes.prefab
  artifactKey: Guid(b992f674f1402e945914383b4fb45238) Importer(815301076,1909f56bfc062723c751e8b465ee728b)
Start importing Assets/Prefabs/Pipes.prefab using Guid(b992f674f1402e945914383b4fb45238) Importer(815301076,1909f56bfc062723c751e8b465ee728b)  -> (artifact id: '50af43d584cc083275422484e9b90770') in 0.075984 seconds
  Import took 0.078719 seconds .

========================================================================
Received Import Request.
  Time since last request: 3.487934 seconds.
  path: Assets/Prefabs/Pipes.prefab
  artifactKey: Guid(b992f674f1402e945914383b4fb45238) Importer(815301076,1909f56bfc062723c751e8b465ee728b)
Start importing Assets/Prefabs/Pipes.prefab using Guid(b992f674f1402e945914383b4fb45238) Importer(815301076,1909f56bfc062723c751e8b465ee728b)  -> (artifact id: 'c2856c0f11a8816756306c6ee04aeaac') in 0.006580 seconds
  Import took 0.009536 seconds .

========================================================================
Received Import Request.
  Time since last request: 15.114106 seconds.
  path: Assets/Prefabs/Pipes.prefab
  artifactKey: Guid(b992f674f1402e945914383b4fb45238) Importer(815301076,1909f56bfc062723c751e8b465ee728b)
Start importing Assets/Prefabs/Pipes.prefab using Guid(b992f674f1402e945914383b4fb45238) Importer(815301076,1909f56bfc062723c751e8b465ee728b)  -> (artifact id: 'fad80106d2cca0e0e554688913611370') in 0.014094 seconds
  Import took 0.016914 seconds .

========================================================================
Received Import Request.
  Time since last request: 3.818791 seconds.
  path: Assets/Prefabs/Pipes.prefab
  artifactKey: Guid(b992f674f1402e945914383b4fb45238) Importer(815301076,1909f56bfc062723c751e8b465ee728b)
Start importing Assets/Prefabs/Pipes.prefab using Guid(b992f674f1402e945914383b4fb45238) Importer(815301076,1909f56bfc062723c751e8b465ee728b)  -> (artifact id: 'd7b09530e9ce80b20386b89cfcddc695') in 0.012383 seconds
  Import took 0.015213 seconds .

AssetImportWorkerClient::OnTransportError - code=2 error=End of file
